[2015-12-02 12:36:45,364][INFO ][node                     ] [Supreme Intelligence] version[2.1.0], pid[8770], build[72cd1f1/2015-11-18T22:40:03Z]
[2015-12-02 12:36:45,364][INFO ][node                     ] [Supreme Intelligence] initializing ...
[2015-12-02 12:36:45,448][INFO ][plugins                  ] [Supreme Intelligence] loaded [], sites []
[2015-12-02 12:36:45,473][INFO ][env                      ] [Supreme Intelligence] using [1] data paths, mounts [[/ (/dev/disk1)]], net usable_space [174gb], net total_space [464.7gb], spins? [unknown], types [hfs]
[2015-12-02 12:36:47,251][INFO ][node                     ] [Supreme Intelligence] initialized
[2015-12-02 12:36:47,251][INFO ][node                     ] [Supreme Intelligence] starting ...
[2015-12-02 12:36:47,412][INFO ][transport                ] [Supreme Intelligence] publish_address {127.0.0.1:9300}, bound_addresses {127.0.0.1:9300}, {[fe80::1]:9300}, {[::1]:9300}
[2015-12-02 12:36:47,425][INFO ][discovery                ] [Supreme Intelligence] elasticsearch/gW1QnJoCSUu9a_fZs1Gg5A
[2015-12-02 12:36:50,473][INFO ][cluster.service          ] [Supreme Intelligence] new_master {Supreme Intelligence}{gW1QnJoCSUu9a_fZs1Gg5A}{127.0.0.1}{127.0.0.1:9300}, reason: zen-disco-join(elected_as_master, [0] joins received)
[2015-12-02 12:36:50,487][INFO ][http                     ] [Supreme Intelligence] publish_address {127.0.0.1:9200}, bound_addresses {127.0.0.1:9200}, {[fe80::1]:9200}, {[::1]:9200}
[2015-12-02 12:36:50,488][INFO ][node                     ] [Supreme Intelligence] started
[2015-12-02 12:36:50,537][INFO ][gateway                  ] [Supreme Intelligence] recovered [0] indices into cluster_state
[2015-12-02 12:37:01,124][INFO ][cluster.metadata         ] [Supreme Intelligence] [tickets_development_20151202123659878] creating index, cause [api], templates [], shards [5]/[1], mappings [_default_]
[2015-12-02 12:37:20,942][INFO ][cluster.metadata         ] [Supreme Intelligence] [categories_development_20151202123720875] creating index, cause [api], templates [], shards [5]/[1], mappings [_default_]
[2015-12-02 12:38:33,776][INFO ][cluster.metadata         ] [Supreme Intelligence] [categories_development_20151202123720875] create_mapping [category]
[2015-12-02 13:03:28,460][INFO ][node                     ] [Longneck] version[2.1.0], pid[9583], build[72cd1f1/2015-11-18T22:40:03Z]
[2015-12-02 13:03:28,461][INFO ][node                     ] [Longneck] initializing ...
[2015-12-02 13:03:28,548][INFO ][plugins                  ] [Longneck] loaded [], sites []
[2015-12-02 13:03:28,572][INFO ][env                      ] [Longneck] using [1] data paths, mounts [[/ (/dev/disk1)]], net usable_space [173.7gb], net total_space [464.7gb], spins? [unknown], types [hfs]
[2015-12-02 13:03:30,465][INFO ][node                     ] [Longneck] initialized
[2015-12-02 13:03:30,465][INFO ][node                     ] [Longneck] starting ...
[2015-12-02 13:03:30,634][INFO ][transport                ] [Longneck] publish_address {127.0.0.1:9300}, bound_addresses {127.0.0.1:9300}, {[fe80::1]:9300}, {[::1]:9300}
[2015-12-02 13:03:30,646][INFO ][discovery                ] [Longneck] elasticsearch/VZ2cYkPoRgGlJixQy0rhiQ
[2015-12-02 13:03:33,706][INFO ][cluster.service          ] [Longneck] new_master {Longneck}{VZ2cYkPoRgGlJixQy0rhiQ}{127.0.0.1}{127.0.0.1:9300}, reason: zen-disco-join(elected_as_master, [0] joins received)
[2015-12-02 13:03:33,720][INFO ][http                     ] [Longneck] publish_address {127.0.0.1:9200}, bound_addresses {127.0.0.1:9200}, {[fe80::1]:9200}, {[::1]:9200}
[2015-12-02 13:03:33,721][INFO ][node                     ] [Longneck] started
[2015-12-02 13:03:33,811][INFO ][gateway                  ] [Longneck] recovered [2] indices into cluster_state
[2015-12-02 13:03:34,545][WARN ][index.translog           ] [Longneck] [categories_development_20151202123720875][2] failed to delete temp file /Users/acareaga/turing/mod3/ticketly/elasticsearch-2.1.0/data/elasticsearch/nodes/0/indices/categories_development_20151202123720875/2/translog/translog-8719714662578568020.tlog
java.nio.file.NoSuchFileException: /Users/acareaga/turing/mod3/ticketly/elasticsearch-2.1.0/data/elasticsearch/nodes/0/indices/categories_development_20151202123720875/2/translog/translog-8719714662578568020.tlog
	at sun.nio.fs.UnixException.translateToIOException(UnixException.java:86)
	at sun.nio.fs.UnixException.rethrowAsIOException(UnixException.java:102)
	at sun.nio.fs.UnixException.rethrowAsIOException(UnixException.java:107)
	at sun.nio.fs.UnixFileSystemProvider.implDelete(UnixFileSystemProvider.java:244)
	at sun.nio.fs.AbstractFileSystemProvider.delete(AbstractFileSystemProvider.java:103)
	at java.nio.file.Files.delete(Files.java:1126)
	at org.elasticsearch.index.translog.Translog.recoverFromFiles(Translog.java:324)
	at org.elasticsearch.index.translog.Translog.<init>(Translog.java:166)
	at org.elasticsearch.index.engine.InternalEngine.openTranslog(InternalEngine.java:209)
	at org.elasticsearch.index.engine.InternalEngine.<init>(InternalEngine.java:152)
	at org.elasticsearch.index.engine.InternalEngineFactory.newReadWriteEngine(InternalEngineFactory.java:25)
	at org.elasticsearch.index.shard.IndexShard.newEngine(IndexShard.java:1408)
	at org.elasticsearch.index.shard.IndexShard.createNewEngine(IndexShard.java:1403)
	at org.elasticsearch.index.shard.IndexShard.internalPerformTranslogRecovery(IndexShard.java:906)
	at org.elasticsearch.index.shard.IndexShard.performTranslogRecovery(IndexShard.java:883)
	at org.elasticsearch.index.shard.StoreRecoveryService.recoverFromStore(StoreRecoveryService.java:245)
	at org.elasticsearch.index.shard.StoreRecoveryService.access$100(StoreRecoveryService.java:56)
	at org.elasticsearch.index.shard.StoreRecoveryService$1.run(StoreRecoveryService.java:129)
	at java.util.concurrent.ThreadPoolExecutor.runWorker(ThreadPoolExecutor.java:1142)
	at java.util.concurrent.ThreadPoolExecutor$Worker.run(ThreadPoolExecutor.java:617)
	at java.lang.Thread.run(Thread.java:745)
[2015-12-02 13:03:34,545][WARN ][index.translog           ] [Longneck] [categories_development_20151202123720875][0] failed to delete temp file /Users/acareaga/turing/mod3/ticketly/elasticsearch-2.1.0/data/elasticsearch/nodes/0/indices/categories_development_20151202123720875/0/translog/translog-7058863207450650989.tlog
java.nio.file.NoSuchFileException: /Users/acareaga/turing/mod3/ticketly/elasticsearch-2.1.0/data/elasticsearch/nodes/0/indices/categories_development_20151202123720875/0/translog/translog-7058863207450650989.tlog
	at sun.nio.fs.UnixException.translateToIOException(UnixException.java:86)
	at sun.nio.fs.UnixException.rethrowAsIOException(UnixException.java:102)
	at sun.nio.fs.UnixException.rethrowAsIOException(UnixException.java:107)
	at sun.nio.fs.UnixFileSystemProvider.implDelete(UnixFileSystemProvider.java:244)
	at sun.nio.fs.AbstractFileSystemProvider.delete(AbstractFileSystemProvider.java:103)
	at java.nio.file.Files.delete(Files.java:1126)
	at org.elasticsearch.index.translog.Translog.recoverFromFiles(Translog.java:324)
	at org.elasticsearch.index.translog.Translog.<init>(Translog.java:166)
	at org.elasticsearch.index.engine.InternalEngine.openTranslog(InternalEngine.java:209)
	at org.elasticsearch.index.engine.InternalEngine.<init>(InternalEngine.java:152)
	at org.elasticsearch.index.engine.InternalEngineFactory.newReadWriteEngine(InternalEngineFactory.java:25)
	at org.elasticsearch.index.shard.IndexShard.newEngine(IndexShard.java:1408)
	at org.elasticsearch.index.shard.IndexShard.createNewEngine(IndexShard.java:1403)
	at org.elasticsearch.index.shard.IndexShard.internalPerformTranslogRecovery(IndexShard.java:906)
	at org.elasticsearch.index.shard.IndexShard.performTranslogRecovery(IndexShard.java:883)
	at org.elasticsearch.index.shard.StoreRecoveryService.recoverFromStore(StoreRecoveryService.java:245)
	at org.elasticsearch.index.shard.StoreRecoveryService.access$100(StoreRecoveryService.java:56)
	at org.elasticsearch.index.shard.StoreRecoveryService$1.run(StoreRecoveryService.java:129)
	at java.util.concurrent.ThreadPoolExecutor.runWorker(ThreadPoolExecutor.java:1142)
	at java.util.concurrent.ThreadPoolExecutor$Worker.run(ThreadPoolExecutor.java:617)
	at java.lang.Thread.run(Thread.java:745)
[2015-12-02 13:03:34,545][WARN ][index.translog           ] [Longneck] [categories_development_20151202123720875][1] failed to delete temp file /Users/acareaga/turing/mod3/ticketly/elasticsearch-2.1.0/data/elasticsearch/nodes/0/indices/categories_development_20151202123720875/1/translog/translog-7422134846126628062.tlog
java.nio.file.NoSuchFileException: /Users/acareaga/turing/mod3/ticketly/elasticsearch-2.1.0/data/elasticsearch/nodes/0/indices/categories_development_20151202123720875/1/translog/translog-7422134846126628062.tlog
	at sun.nio.fs.UnixException.translateToIOException(UnixException.java:86)
	at sun.nio.fs.UnixException.rethrowAsIOException(UnixException.java:102)
	at sun.nio.fs.UnixException.rethrowAsIOException(UnixException.java:107)
	at sun.nio.fs.UnixFileSystemProvider.implDelete(UnixFileSystemProvider.java:244)
	at sun.nio.fs.AbstractFileSystemProvider.delete(AbstractFileSystemProvider.java:103)
	at java.nio.file.Files.delete(Files.java:1126)
	at org.elasticsearch.index.translog.Translog.recoverFromFiles(Translog.java:324)
	at org.elasticsearch.index.translog.Translog.<init>(Translog.java:166)
	at org.elasticsearch.index.engine.InternalEngine.openTranslog(InternalEngine.java:209)
	at org.elasticsearch.index.engine.InternalEngine.<init>(InternalEngine.java:152)
	at org.elasticsearch.index.engine.InternalEngineFactory.newReadWriteEngine(InternalEngineFactory.java:25)
	at org.elasticsearch.index.shard.IndexShard.newEngine(IndexShard.java:1408)
	at org.elasticsearch.index.shard.IndexShard.createNewEngine(IndexShard.java:1403)
	at org.elasticsearch.index.shard.IndexShard.internalPerformTranslogRecovery(IndexShard.java:906)
	at org.elasticsearch.index.shard.IndexShard.performTranslogRecovery(IndexShard.java:883)
	at org.elasticsearch.index.shard.StoreRecoveryService.recoverFromStore(StoreRecoveryService.java:245)
	at org.elasticsearch.index.shard.StoreRecoveryService.access$100(StoreRecoveryService.java:56)
	at org.elasticsearch.index.shard.StoreRecoveryService$1.run(StoreRecoveryService.java:129)
	at java.util.concurrent.ThreadPoolExecutor.runWorker(ThreadPoolExecutor.java:1142)
	at java.util.concurrent.ThreadPoolExecutor$Worker.run(ThreadPoolExecutor.java:617)
	at java.lang.Thread.run(Thread.java:745)
[2015-12-02 13:03:34,545][WARN ][index.translog           ] [Longneck] [categories_development_20151202123720875][4] failed to delete temp file /Users/acareaga/turing/mod3/ticketly/elasticsearch-2.1.0/data/elasticsearch/nodes/0/indices/categories_development_20151202123720875/4/translog/translog-9058889846736417322.tlog
java.nio.file.NoSuchFileException: /Users/acareaga/turing/mod3/ticketly/elasticsearch-2.1.0/data/elasticsearch/nodes/0/indices/categories_development_20151202123720875/4/translog/translog-9058889846736417322.tlog
	at sun.nio.fs.UnixException.translateToIOException(UnixException.java:86)
	at sun.nio.fs.UnixException.rethrowAsIOException(UnixException.java:102)
	at sun.nio.fs.UnixException.rethrowAsIOException(UnixException.java:107)
	at sun.nio.fs.UnixFileSystemProvider.implDelete(UnixFileSystemProvider.java:244)
	at sun.nio.fs.AbstractFileSystemProvider.delete(AbstractFileSystemProvider.java:103)
	at java.nio.file.Files.delete(Files.java:1126)
	at org.elasticsearch.index.translog.Translog.recoverFromFiles(Translog.java:324)
	at org.elasticsearch.index.translog.Translog.<init>(Translog.java:166)
	at org.elasticsearch.index.engine.InternalEngine.openTranslog(InternalEngine.java:209)
	at org.elasticsearch.index.engine.InternalEngine.<init>(InternalEngine.java:152)
	at org.elasticsearch.index.engine.InternalEngineFactory.newReadWriteEngine(InternalEngineFactory.java:25)
	at org.elasticsearch.index.shard.IndexShard.newEngine(IndexShard.java:1408)
	at org.elasticsearch.index.shard.IndexShard.createNewEngine(IndexShard.java:1403)
	at org.elasticsearch.index.shard.IndexShard.internalPerformTranslogRecovery(IndexShard.java:906)
	at org.elasticsearch.index.shard.IndexShard.performTranslogRecovery(IndexShard.java:883)
	at org.elasticsearch.index.shard.StoreRecoveryService.recoverFromStore(StoreRecoveryService.java:245)
	at org.elasticsearch.index.shard.StoreRecoveryService.access$100(StoreRecoveryService.java:56)
	at org.elasticsearch.index.shard.StoreRecoveryService$1.run(StoreRecoveryService.java:129)
	at java.util.concurrent.ThreadPoolExecutor.runWorker(ThreadPoolExecutor.java:1142)
	at java.util.concurrent.ThreadPoolExecutor$Worker.run(ThreadPoolExecutor.java:617)
	at java.lang.Thread.run(Thread.java:745)
[2015-12-02 13:03:34,705][WARN ][index.translog           ] [Longneck] [tickets_development_20151202123659878][4] failed to delete temp file /Users/acareaga/turing/mod3/ticketly/elasticsearch-2.1.0/data/elasticsearch/nodes/0/indices/tickets_development_20151202123659878/4/translog/translog-8977172742325815225.tlog
java.nio.file.NoSuchFileException: /Users/acareaga/turing/mod3/ticketly/elasticsearch-2.1.0/data/elasticsearch/nodes/0/indices/tickets_development_20151202123659878/4/translog/translog-8977172742325815225.tlog
	at sun.nio.fs.UnixException.translateToIOException(UnixException.java:86)
	at sun.nio.fs.UnixException.rethrowAsIOException(UnixException.java:102)
	at sun.nio.fs.UnixException.rethrowAsIOException(UnixException.java:107)
	at sun.nio.fs.UnixFileSystemProvider.implDelete(UnixFileSystemProvider.java:244)
	at sun.nio.fs.AbstractFileSystemProvider.delete(AbstractFileSystemProvider.java:103)
	at java.nio.file.Files.delete(Files.java:1126)
	at org.elasticsearch.index.translog.Translog.recoverFromFiles(Translog.java:324)
	at org.elasticsearch.index.translog.Translog.<init>(Translog.java:166)
	at org.elasticsearch.index.engine.InternalEngine.openTranslog(InternalEngine.java:209)
	at org.elasticsearch.index.engine.InternalEngine.<init>(InternalEngine.java:152)
	at org.elasticsearch.index.engine.InternalEngineFactory.newReadWriteEngine(InternalEngineFactory.java:25)
	at org.elasticsearch.index.shard.IndexShard.newEngine(IndexShard.java:1408)
	at org.elasticsearch.index.shard.IndexShard.createNewEngine(IndexShard.java:1403)
	at org.elasticsearch.index.shard.IndexShard.internalPerformTranslogRecovery(IndexShard.java:906)
	at org.elasticsearch.index.shard.IndexShard.performTranslogRecovery(IndexShard.java:883)
	at org.elasticsearch.index.shard.StoreRecoveryService.recoverFromStore(StoreRecoveryService.java:245)
	at org.elasticsearch.index.shard.StoreRecoveryService.access$100(StoreRecoveryService.java:56)
	at org.elasticsearch.index.shard.StoreRecoveryService$1.run(StoreRecoveryService.java:129)
	at java.util.concurrent.ThreadPoolExecutor.runWorker(ThreadPoolExecutor.java:1142)
	at java.util.concurrent.ThreadPoolExecutor$Worker.run(ThreadPoolExecutor.java:617)
	at java.lang.Thread.run(Thread.java:745)
[2015-12-02 13:03:34,714][WARN ][index.translog           ] [Longneck] [tickets_development_20151202123659878][3] failed to delete temp file /Users/acareaga/turing/mod3/ticketly/elasticsearch-2.1.0/data/elasticsearch/nodes/0/indices/tickets_development_20151202123659878/3/translog/translog-1605408022975689958.tlog
java.nio.file.NoSuchFileException: /Users/acareaga/turing/mod3/ticketly/elasticsearch-2.1.0/data/elasticsearch/nodes/0/indices/tickets_development_20151202123659878/3/translog/translog-1605408022975689958.tlog
	at sun.nio.fs.UnixException.translateToIOException(UnixException.java:86)
	at sun.nio.fs.UnixException.rethrowAsIOException(UnixException.java:102)
	at sun.nio.fs.UnixException.rethrowAsIOException(UnixException.java:107)
	at sun.nio.fs.UnixFileSystemProvider.implDelete(UnixFileSystemProvider.java:244)
	at sun.nio.fs.AbstractFileSystemProvider.delete(AbstractFileSystemProvider.java:103)
	at java.nio.file.Files.delete(Files.java:1126)
	at org.elasticsearch.index.translog.Translog.recoverFromFiles(Translog.java:324)
	at org.elasticsearch.index.translog.Translog.<init>(Translog.java:166)
	at org.elasticsearch.index.engine.InternalEngine.openTranslog(InternalEngine.java:209)
	at org.elasticsearch.index.engine.InternalEngine.<init>(InternalEngine.java:152)
	at org.elasticsearch.index.engine.InternalEngineFactory.newReadWriteEngine(InternalEngineFactory.java:25)
	at org.elasticsearch.index.shard.IndexShard.newEngine(IndexShard.java:1408)
	at org.elasticsearch.index.shard.IndexShard.createNewEngine(IndexShard.java:1403)
	at org.elasticsearch.index.shard.IndexShard.internalPerformTranslogRecovery(IndexShard.java:906)
	at org.elasticsearch.index.shard.IndexShard.performTranslogRecovery(IndexShard.java:883)
	at org.elasticsearch.index.shard.StoreRecoveryService.recoverFromStore(StoreRecoveryService.java:245)
	at org.elasticsearch.index.shard.StoreRecoveryService.access$100(StoreRecoveryService.java:56)
	at org.elasticsearch.index.shard.StoreRecoveryService$1.run(StoreRecoveryService.java:129)
	at java.util.concurrent.ThreadPoolExecutor.runWorker(ThreadPoolExecutor.java:1142)
	at java.util.concurrent.ThreadPoolExecutor$Worker.run(ThreadPoolExecutor.java:617)
	at java.lang.Thread.run(Thread.java:745)
[2015-12-02 13:03:34,726][WARN ][index.translog           ] [Longneck] [tickets_development_20151202123659878][1] failed to delete temp file /Users/acareaga/turing/mod3/ticketly/elasticsearch-2.1.0/data/elasticsearch/nodes/0/indices/tickets_development_20151202123659878/1/translog/translog-8376080250850247568.tlog
java.nio.file.NoSuchFileException: /Users/acareaga/turing/mod3/ticketly/elasticsearch-2.1.0/data/elasticsearch/nodes/0/indices/tickets_development_20151202123659878/1/translog/translog-8376080250850247568.tlog
	at sun.nio.fs.UnixException.translateToIOException(UnixException.java:86)
	at sun.nio.fs.UnixException.rethrowAsIOException(UnixException.java:102)
	at sun.nio.fs.UnixException.rethrowAsIOException(UnixException.java:107)
	at sun.nio.fs.UnixFileSystemProvider.implDelete(UnixFileSystemProvider.java:244)
	at sun.nio.fs.AbstractFileSystemProvider.delete(AbstractFileSystemProvider.java:103)
	at java.nio.file.Files.delete(Files.java:1126)
	at org.elasticsearch.index.translog.Translog.recoverFromFiles(Translog.java:324)
	at org.elasticsearch.index.translog.Translog.<init>(Translog.java:166)
	at org.elasticsearch.index.engine.InternalEngine.openTranslog(InternalEngine.java:209)
	at org.elasticsearch.index.engine.InternalEngine.<init>(InternalEngine.java:152)
	at org.elasticsearch.index.engine.InternalEngineFactory.newReadWriteEngine(InternalEngineFactory.java:25)
	at org.elasticsearch.index.shard.IndexShard.newEngine(IndexShard.java:1408)
	at org.elasticsearch.index.shard.IndexShard.createNewEngine(IndexShard.java:1403)
	at org.elasticsearch.index.shard.IndexShard.internalPerformTranslogRecovery(IndexShard.java:906)
	at org.elasticsearch.index.shard.IndexShard.performTranslogRecovery(IndexShard.java:883)
	at org.elasticsearch.index.shard.StoreRecoveryService.recoverFromStore(StoreRecoveryService.java:245)
	at org.elasticsearch.index.shard.StoreRecoveryService.access$100(StoreRecoveryService.java:56)
	at org.elasticsearch.index.shard.StoreRecoveryService$1.run(StoreRecoveryService.java:129)
	at java.util.concurrent.ThreadPoolExecutor.runWorker(ThreadPoolExecutor.java:1142)
	at java.util.concurrent.ThreadPoolExecutor$Worker.run(ThreadPoolExecutor.java:617)
	at java.lang.Thread.run(Thread.java:745)
[2015-12-02 13:03:34,792][WARN ][index.translog           ] [Longneck] [categories_development_20151202123720875][3] failed to delete temp file /Users/acareaga/turing/mod3/ticketly/elasticsearch-2.1.0/data/elasticsearch/nodes/0/indices/categories_development_20151202123720875/3/translog/translog-8859776991763209523.tlog
java.nio.file.NoSuchFileException: /Users/acareaga/turing/mod3/ticketly/elasticsearch-2.1.0/data/elasticsearch/nodes/0/indices/categories_development_20151202123720875/3/translog/translog-8859776991763209523.tlog
	at sun.nio.fs.UnixException.translateToIOException(UnixException.java:86)
	at sun.nio.fs.UnixException.rethrowAsIOException(UnixException.java:102)
	at sun.nio.fs.UnixException.rethrowAsIOException(UnixException.java:107)
	at sun.nio.fs.UnixFileSystemProvider.implDelete(UnixFileSystemProvider.java:244)
	at sun.nio.fs.AbstractFileSystemProvider.delete(AbstractFileSystemProvider.java:103)
	at java.nio.file.Files.delete(Files.java:1126)
	at org.elasticsearch.index.translog.Translog.recoverFromFiles(Translog.java:324)
	at org.elasticsearch.index.translog.Translog.<init>(Translog.java:166)
	at org.elasticsearch.index.engine.InternalEngine.openTranslog(InternalEngine.java:209)
	at org.elasticsearch.index.engine.InternalEngine.<init>(InternalEngine.java:152)
	at org.elasticsearch.index.engine.InternalEngineFactory.newReadWriteEngine(InternalEngineFactory.java:25)
	at org.elasticsearch.index.shard.IndexShard.newEngine(IndexShard.java:1408)
	at org.elasticsearch.index.shard.IndexShard.createNewEngine(IndexShard.java:1403)
	at org.elasticsearch.index.shard.IndexShard.internalPerformTranslogRecovery(IndexShard.java:906)
	at org.elasticsearch.index.shard.IndexShard.performTranslogRecovery(IndexShard.java:883)
	at org.elasticsearch.index.shard.StoreRecoveryService.recoverFromStore(StoreRecoveryService.java:245)
	at org.elasticsearch.index.shard.StoreRecoveryService.access$100(StoreRecoveryService.java:56)
	at org.elasticsearch.index.shard.StoreRecoveryService$1.run(StoreRecoveryService.java:129)
	at java.util.concurrent.ThreadPoolExecutor.runWorker(ThreadPoolExecutor.java:1142)
	at java.util.concurrent.ThreadPoolExecutor$Worker.run(ThreadPoolExecutor.java:617)
	at java.lang.Thread.run(Thread.java:745)
[2015-12-02 13:03:34,840][WARN ][index.translog           ] [Longneck] [tickets_development_20151202123659878][2] failed to delete temp file /Users/acareaga/turing/mod3/ticketly/elasticsearch-2.1.0/data/elasticsearch/nodes/0/indices/tickets_development_20151202123659878/2/translog/translog-5659940030752614565.tlog
java.nio.file.NoSuchFileException: /Users/acareaga/turing/mod3/ticketly/elasticsearch-2.1.0/data/elasticsearch/nodes/0/indices/tickets_development_20151202123659878/2/translog/translog-5659940030752614565.tlog
	at sun.nio.fs.UnixException.translateToIOException(UnixException.java:86)
	at sun.nio.fs.UnixException.rethrowAsIOException(UnixException.java:102)
	at sun.nio.fs.UnixException.rethrowAsIOException(UnixException.java:107)
	at sun.nio.fs.UnixFileSystemProvider.implDelete(UnixFileSystemProvider.java:244)
	at sun.nio.fs.AbstractFileSystemProvider.delete(AbstractFileSystemProvider.java:103)
	at java.nio.file.Files.delete(Files.java:1126)
	at org.elasticsearch.index.translog.Translog.recoverFromFiles(Translog.java:324)
	at org.elasticsearch.index.translog.Translog.<init>(Translog.java:166)
	at org.elasticsearch.index.engine.InternalEngine.openTranslog(InternalEngine.java:209)
	at org.elasticsearch.index.engine.InternalEngine.<init>(InternalEngine.java:152)
	at org.elasticsearch.index.engine.InternalEngineFactory.newReadWriteEngine(InternalEngineFactory.java:25)
	at org.elasticsearch.index.shard.IndexShard.newEngine(IndexShard.java:1408)
	at org.elasticsearch.index.shard.IndexShard.createNewEngine(IndexShard.java:1403)
	at org.elasticsearch.index.shard.IndexShard.internalPerformTranslogRecovery(IndexShard.java:906)
	at org.elasticsearch.index.shard.IndexShard.performTranslogRecovery(IndexShard.java:883)
	at org.elasticsearch.index.shard.StoreRecoveryService.recoverFromStore(StoreRecoveryService.java:245)
	at org.elasticsearch.index.shard.StoreRecoveryService.access$100(StoreRecoveryService.java:56)
	at org.elasticsearch.index.shard.StoreRecoveryService$1.run(StoreRecoveryService.java:129)
	at java.util.concurrent.ThreadPoolExecutor.runWorker(ThreadPoolExecutor.java:1142)
	at java.util.concurrent.ThreadPoolExecutor$Worker.run(ThreadPoolExecutor.java:617)
	at java.lang.Thread.run(Thread.java:745)
[2015-12-02 13:03:34,852][WARN ][index.translog           ] [Longneck] [tickets_development_20151202123659878][0] failed to delete temp file /Users/acareaga/turing/mod3/ticketly/elasticsearch-2.1.0/data/elasticsearch/nodes/0/indices/tickets_development_20151202123659878/0/translog/translog-330041749802682023.tlog
java.nio.file.NoSuchFileException: /Users/acareaga/turing/mod3/ticketly/elasticsearch-2.1.0/data/elasticsearch/nodes/0/indices/tickets_development_20151202123659878/0/translog/translog-330041749802682023.tlog
	at sun.nio.fs.UnixException.translateToIOException(UnixException.java:86)
	at sun.nio.fs.UnixException.rethrowAsIOException(UnixException.java:102)
	at sun.nio.fs.UnixException.rethrowAsIOException(UnixException.java:107)
	at sun.nio.fs.UnixFileSystemProvider.implDelete(UnixFileSystemProvider.java:244)
	at sun.nio.fs.AbstractFileSystemProvider.delete(AbstractFileSystemProvider.java:103)
	at java.nio.file.Files.delete(Files.java:1126)
	at org.elasticsearch.index.translog.Translog.recoverFromFiles(Translog.java:324)
	at org.elasticsearch.index.translog.Translog.<init>(Translog.java:166)
	at org.elasticsearch.index.engine.InternalEngine.openTranslog(InternalEngine.java:209)
	at org.elasticsearch.index.engine.InternalEngine.<init>(InternalEngine.java:152)
	at org.elasticsearch.index.engine.InternalEngineFactory.newReadWriteEngine(InternalEngineFactory.java:25)
	at org.elasticsearch.index.shard.IndexShard.newEngine(IndexShard.java:1408)
	at org.elasticsearch.index.shard.IndexShard.createNewEngine(IndexShard.java:1403)
	at org.elasticsearch.index.shard.IndexShard.internalPerformTranslogRecovery(IndexShard.java:906)
	at org.elasticsearch.index.shard.IndexShard.performTranslogRecovery(IndexShard.java:883)
	at org.elasticsearch.index.shard.StoreRecoveryService.recoverFromStore(StoreRecoveryService.java:245)
	at org.elasticsearch.index.shard.StoreRecoveryService.access$100(StoreRecoveryService.java:56)
	at org.elasticsearch.index.shard.StoreRecoveryService$1.run(StoreRecoveryService.java:129)
	at java.util.concurrent.ThreadPoolExecutor.runWorker(ThreadPoolExecutor.java:1142)
	at java.util.concurrent.ThreadPoolExecutor$Worker.run(ThreadPoolExecutor.java:617)
	at java.lang.Thread.run(Thread.java:745)
[2015-12-02 13:03:48,892][INFO ][cluster.metadata         ] [Longneck] [tickets_development_20151202123659878] create_mapping [ticket]
[2015-12-02 13:20:31,438][INFO ][node                     ] [Longneck] stopping ...
[2015-12-02 13:20:31,500][INFO ][node                     ] [Longneck] stopped
[2015-12-02 13:20:31,500][INFO ][node                     ] [Longneck] closing ...
[2015-12-02 13:20:31,510][INFO ][node                     ] [Longneck] closed
[2015-12-02 13:20:53,862][INFO ][node                     ] [Hera] version[2.1.0], pid[10175], build[72cd1f1/2015-11-18T22:40:03Z]
[2015-12-02 13:20:53,863][INFO ][node                     ] [Hera] initializing ...
[2015-12-02 13:20:53,948][INFO ][plugins                  ] [Hera] loaded [], sites []
[2015-12-02 13:20:53,972][INFO ][env                      ] [Hera] using [1] data paths, mounts [[/ (/dev/disk1)]], net usable_space [173.7gb], net total_space [464.7gb], spins? [unknown], types [hfs]
[2015-12-02 13:20:55,903][INFO ][node                     ] [Hera] initialized
[2015-12-02 13:20:55,903][INFO ][node                     ] [Hera] starting ...
[2015-12-02 13:20:56,025][INFO ][transport                ] [Hera] publish_address {127.0.0.1:9300}, bound_addresses {127.0.0.1:9300}, {[fe80::1]:9300}, {[::1]:9300}
[2015-12-02 13:20:56,037][INFO ][discovery                ] [Hera] elasticsearch/8dYHbRYcR7-3HNzB_qUEMg
[2015-12-02 13:20:59,081][INFO ][cluster.service          ] [Hera] new_master {Hera}{8dYHbRYcR7-3HNzB_qUEMg}{127.0.0.1}{127.0.0.1:9300}, reason: zen-disco-join(elected_as_master, [0] joins received)
[2015-12-02 13:20:59,119][INFO ][http                     ] [Hera] publish_address {127.0.0.1:9200}, bound_addresses {127.0.0.1:9200}, {[fe80::1]:9200}, {[::1]:9200}
[2015-12-02 13:20:59,120][INFO ][node                     ] [Hera] started
[2015-12-02 13:20:59,201][INFO ][gateway                  ] [Hera] recovered [2] indices into cluster_state
[2015-12-02 13:20:59,852][WARN ][index.translog           ] [Hera] [categories_development_20151202123720875][2] failed to delete temp file /Users/acareaga/turing/mod3/ticketly/elasticsearch-2.1.0/data/elasticsearch/nodes/0/indices/categories_development_20151202123720875/2/translog/translog-3663616429044873173.tlog
java.nio.file.NoSuchFileException: /Users/acareaga/turing/mod3/ticketly/elasticsearch-2.1.0/data/elasticsearch/nodes/0/indices/categories_development_20151202123720875/2/translog/translog-3663616429044873173.tlog
	at sun.nio.fs.UnixException.translateToIOException(UnixException.java:86)
	at sun.nio.fs.UnixException.rethrowAsIOException(UnixException.java:102)
	at sun.nio.fs.UnixException.rethrowAsIOException(UnixException.java:107)
	at sun.nio.fs.UnixFileSystemProvider.implDelete(UnixFileSystemProvider.java:244)
	at sun.nio.fs.AbstractFileSystemProvider.delete(AbstractFileSystemProvider.java:103)
	at java.nio.file.Files.delete(Files.java:1126)
	at org.elasticsearch.index.translog.Translog.recoverFromFiles(Translog.java:324)
	at org.elasticsearch.index.translog.Translog.<init>(Translog.java:166)
	at org.elasticsearch.index.engine.InternalEngine.openTranslog(InternalEngine.java:209)
	at org.elasticsearch.index.engine.InternalEngine.<init>(InternalEngine.java:152)
	at org.elasticsearch.index.engine.InternalEngineFactory.newReadWriteEngine(InternalEngineFactory.java:25)
	at org.elasticsearch.index.shard.IndexShard.newEngine(IndexShard.java:1408)
	at org.elasticsearch.index.shard.IndexShard.createNewEngine(IndexShard.java:1403)
	at org.elasticsearch.index.shard.IndexShard.internalPerformTranslogRecovery(IndexShard.java:906)
	at org.elasticsearch.index.shard.IndexShard.performTranslogRecovery(IndexShard.java:883)
	at org.elasticsearch.index.shard.StoreRecoveryService.recoverFromStore(StoreRecoveryService.java:245)
	at org.elasticsearch.index.shard.StoreRecoveryService.access$100(StoreRecoveryService.java:56)
	at org.elasticsearch.index.shard.StoreRecoveryService$1.run(StoreRecoveryService.java:129)
	at java.util.concurrent.ThreadPoolExecutor.runWorker(ThreadPoolExecutor.java:1142)
	at java.util.concurrent.ThreadPoolExecutor$Worker.run(ThreadPoolExecutor.java:617)
	at java.lang.Thread.run(Thread.java:745)
[2015-12-02 13:20:59,856][WARN ][index.translog           ] [Hera] [categories_development_20151202123720875][0] failed to delete temp file /Users/acareaga/turing/mod3/ticketly/elasticsearch-2.1.0/data/elasticsearch/nodes/0/indices/categories_development_20151202123720875/0/translog/translog-7135044769332914608.tlog
java.nio.file.NoSuchFileException: /Users/acareaga/turing/mod3/ticketly/elasticsearch-2.1.0/data/elasticsearch/nodes/0/indices/categories_development_20151202123720875/0/translog/translog-7135044769332914608.tlog
	at sun.nio.fs.UnixException.translateToIOException(UnixException.java:86)
	at sun.nio.fs.UnixException.rethrowAsIOException(UnixException.java:102)
	at sun.nio.fs.UnixException.rethrowAsIOException(UnixException.java:107)
	at sun.nio.fs.UnixFileSystemProvider.implDelete(UnixFileSystemProvider.java:244)
	at sun.nio.fs.AbstractFileSystemProvider.delete(AbstractFileSystemProvider.java:103)
	at java.nio.file.Files.delete(Files.java:1126)
	at org.elasticsearch.index.translog.Translog.recoverFromFiles(Translog.java:324)
	at org.elasticsearch.index.translog.Translog.<init>(Translog.java:166)
	at org.elasticsearch.index.engine.InternalEngine.openTranslog(InternalEngine.java:209)
	at org.elasticsearch.index.engine.InternalEngine.<init>(InternalEngine.java:152)
	at org.elasticsearch.index.engine.InternalEngineFactory.newReadWriteEngine(InternalEngineFactory.java:25)
	at org.elasticsearch.index.shard.IndexShard.newEngine(IndexShard.java:1408)
	at org.elasticsearch.index.shard.IndexShard.createNewEngine(IndexShard.java:1403)
	at org.elasticsearch.index.shard.IndexShard.internalPerformTranslogRecovery(IndexShard.java:906)
	at org.elasticsearch.index.shard.IndexShard.performTranslogRecovery(IndexShard.java:883)
	at org.elasticsearch.index.shard.StoreRecoveryService.recoverFromStore(StoreRecoveryService.java:245)
	at org.elasticsearch.index.shard.StoreRecoveryService.access$100(StoreRecoveryService.java:56)
	at org.elasticsearch.index.shard.StoreRecoveryService$1.run(StoreRecoveryService.java:129)
	at java.util.concurrent.ThreadPoolExecutor.runWorker(ThreadPoolExecutor.java:1142)
	at java.util.concurrent.ThreadPoolExecutor$Worker.run(ThreadPoolExecutor.java:617)
	at java.lang.Thread.run(Thread.java:745)
[2015-12-02 13:20:59,852][WARN ][index.translog           ] [Hera] [categories_development_20151202123720875][1] failed to delete temp file /Users/acareaga/turing/mod3/ticketly/elasticsearch-2.1.0/data/elasticsearch/nodes/0/indices/categories_development_20151202123720875/1/translog/translog-4117953113211008309.tlog
java.nio.file.NoSuchFileException: /Users/acareaga/turing/mod3/ticketly/elasticsearch-2.1.0/data/elasticsearch/nodes/0/indices/categories_development_20151202123720875/1/translog/translog-4117953113211008309.tlog
	at sun.nio.fs.UnixException.translateToIOException(UnixException.java:86)
	at sun.nio.fs.UnixException.rethrowAsIOException(UnixException.java:102)
	at sun.nio.fs.UnixException.rethrowAsIOException(UnixException.java:107)
	at sun.nio.fs.UnixFileSystemProvider.implDelete(UnixFileSystemProvider.java:244)
	at sun.nio.fs.AbstractFileSystemProvider.delete(AbstractFileSystemProvider.java:103)
	at java.nio.file.Files.delete(Files.java:1126)
	at org.elasticsearch.index.translog.Translog.recoverFromFiles(Translog.java:324)
	at org.elasticsearch.index.translog.Translog.<init>(Translog.java:166)
	at org.elasticsearch.index.engine.InternalEngine.openTranslog(InternalEngine.java:209)
	at org.elasticsearch.index.engine.InternalEngine.<init>(InternalEngine.java:152)
	at org.elasticsearch.index.engine.InternalEngineFactory.newReadWriteEngine(InternalEngineFactory.java:25)
	at org.elasticsearch.index.shard.IndexShard.newEngine(IndexShard.java:1408)
	at org.elasticsearch.index.shard.IndexShard.createNewEngine(IndexShard.java:1403)
	at org.elasticsearch.index.shard.IndexShard.internalPerformTranslogRecovery(IndexShard.java:906)
	at org.elasticsearch.index.shard.IndexShard.performTranslogRecovery(IndexShard.java:883)
	at org.elasticsearch.index.shard.StoreRecoveryService.recoverFromStore(StoreRecoveryService.java:245)
	at org.elasticsearch.index.shard.StoreRecoveryService.access$100(StoreRecoveryService.java:56)
	at org.elasticsearch.index.shard.StoreRecoveryService$1.run(StoreRecoveryService.java:129)
	at java.util.concurrent.ThreadPoolExecutor.runWorker(ThreadPoolExecutor.java:1142)
	at java.util.concurrent.ThreadPoolExecutor$Worker.run(ThreadPoolExecutor.java:617)
	at java.lang.Thread.run(Thread.java:745)
[2015-12-02 13:20:59,852][WARN ][index.translog           ] [Hera] [categories_development_20151202123720875][3] failed to delete temp file /Users/acareaga/turing/mod3/ticketly/elasticsearch-2.1.0/data/elasticsearch/nodes/0/indices/categories_development_20151202123720875/3/translog/translog-7232678176461481199.tlog
java.nio.file.NoSuchFileException: /Users/acareaga/turing/mod3/ticketly/elasticsearch-2.1.0/data/elasticsearch/nodes/0/indices/categories_development_20151202123720875/3/translog/translog-7232678176461481199.tlog
	at sun.nio.fs.UnixException.translateToIOException(UnixException.java:86)
	at sun.nio.fs.UnixException.rethrowAsIOException(UnixException.java:102)
	at sun.nio.fs.UnixException.rethrowAsIOException(UnixException.java:107)
	at sun.nio.fs.UnixFileSystemProvider.implDelete(UnixFileSystemProvider.java:244)
	at sun.nio.fs.AbstractFileSystemProvider.delete(AbstractFileSystemProvider.java:103)
	at java.nio.file.Files.delete(Files.java:1126)
	at org.elasticsearch.index.translog.Translog.recoverFromFiles(Translog.java:324)
	at org.elasticsearch.index.translog.Translog.<init>(Translog.java:166)
	at org.elasticsearch.index.engine.InternalEngine.openTranslog(InternalEngine.java:209)
	at org.elasticsearch.index.engine.InternalEngine.<init>(InternalEngine.java:152)
	at org.elasticsearch.index.engine.InternalEngineFactory.newReadWriteEngine(InternalEngineFactory.java:25)
	at org.elasticsearch.index.shard.IndexShard.newEngine(IndexShard.java:1408)
	at org.elasticsearch.index.shard.IndexShard.createNewEngine(IndexShard.java:1403)
	at org.elasticsearch.index.shard.IndexShard.internalPerformTranslogRecovery(IndexShard.java:906)
	at org.elasticsearch.index.shard.IndexShard.performTranslogRecovery(IndexShard.java:883)
	at org.elasticsearch.index.shard.StoreRecoveryService.recoverFromStore(StoreRecoveryService.java:245)
	at org.elasticsearch.index.shard.StoreRecoveryService.access$100(StoreRecoveryService.java:56)
	at org.elasticsearch.index.shard.StoreRecoveryService$1.run(StoreRecoveryService.java:129)
	at java.util.concurrent.ThreadPoolExecutor.runWorker(ThreadPoolExecutor.java:1142)
	at java.util.concurrent.ThreadPoolExecutor$Worker.run(ThreadPoolExecutor.java:617)
	at java.lang.Thread.run(Thread.java:745)
[2015-12-02 13:20:59,917][WARN ][index.translog           ] [Hera] [categories_development_20151202123720875][4] failed to delete temp file /Users/acareaga/turing/mod3/ticketly/elasticsearch-2.1.0/data/elasticsearch/nodes/0/indices/categories_development_20151202123720875/4/translog/translog-7745870913508378215.tlog
java.nio.file.NoSuchFileException: /Users/acareaga/turing/mod3/ticketly/elasticsearch-2.1.0/data/elasticsearch/nodes/0/indices/categories_development_20151202123720875/4/translog/translog-7745870913508378215.tlog
	at sun.nio.fs.UnixException.translateToIOException(UnixException.java:86)
	at sun.nio.fs.UnixException.rethrowAsIOException(UnixException.java:102)
	at sun.nio.fs.UnixException.rethrowAsIOException(UnixException.java:107)
	at sun.nio.fs.UnixFileSystemProvider.implDelete(UnixFileSystemProvider.java:244)
	at sun.nio.fs.AbstractFileSystemProvider.delete(AbstractFileSystemProvider.java:103)
	at java.nio.file.Files.delete(Files.java:1126)
	at org.elasticsearch.index.translog.Translog.recoverFromFiles(Translog.java:324)
	at org.elasticsearch.index.translog.Translog.<init>(Translog.java:166)
	at org.elasticsearch.index.engine.InternalEngine.openTranslog(InternalEngine.java:209)
	at org.elasticsearch.index.engine.InternalEngine.<init>(InternalEngine.java:152)
	at org.elasticsearch.index.engine.InternalEngineFactory.newReadWriteEngine(InternalEngineFactory.java:25)
	at org.elasticsearch.index.shard.IndexShard.newEngine(IndexShard.java:1408)
	at org.elasticsearch.index.shard.IndexShard.createNewEngine(IndexShard.java:1403)
	at org.elasticsearch.index.shard.IndexShard.internalPerformTranslogRecovery(IndexShard.java:906)
	at org.elasticsearch.index.shard.IndexShard.performTranslogRecovery(IndexShard.java:883)
	at org.elasticsearch.index.shard.StoreRecoveryService.recoverFromStore(StoreRecoveryService.java:245)
	at org.elasticsearch.index.shard.StoreRecoveryService.access$100(StoreRecoveryService.java:56)
	at org.elasticsearch.index.shard.StoreRecoveryService$1.run(StoreRecoveryService.java:129)
	at java.util.concurrent.ThreadPoolExecutor.runWorker(ThreadPoolExecutor.java:1142)
	at java.util.concurrent.ThreadPoolExecutor$Worker.run(ThreadPoolExecutor.java:617)
	at java.lang.Thread.run(Thread.java:745)
[2015-12-02 13:21:00,064][WARN ][index.translog           ] [Hera] [tickets_development_20151202123659878][1] failed to delete temp file /Users/acareaga/turing/mod3/ticketly/elasticsearch-2.1.0/data/elasticsearch/nodes/0/indices/tickets_development_20151202123659878/1/translog/translog-975346858698165053.tlog
java.nio.file.NoSuchFileException: /Users/acareaga/turing/mod3/ticketly/elasticsearch-2.1.0/data/elasticsearch/nodes/0/indices/tickets_development_20151202123659878/1/translog/translog-975346858698165053.tlog
	at sun.nio.fs.UnixException.translateToIOException(UnixException.java:86)
	at sun.nio.fs.UnixException.rethrowAsIOException(UnixException.java:102)
	at sun.nio.fs.UnixException.rethrowAsIOException(UnixException.java:107)
	at sun.nio.fs.UnixFileSystemProvider.implDelete(UnixFileSystemProvider.java:244)
	at sun.nio.fs.AbstractFileSystemProvider.delete(AbstractFileSystemProvider.java:103)
	at java.nio.file.Files.delete(Files.java:1126)
	at org.elasticsearch.index.translog.Translog.recoverFromFiles(Translog.java:324)
	at org.elasticsearch.index.translog.Translog.<init>(Translog.java:166)
	at org.elasticsearch.index.engine.InternalEngine.openTranslog(InternalEngine.java:209)
	at org.elasticsearch.index.engine.InternalEngine.<init>(InternalEngine.java:152)
	at org.elasticsearch.index.engine.InternalEngineFactory.newReadWriteEngine(InternalEngineFactory.java:25)
	at org.elasticsearch.index.shard.IndexShard.newEngine(IndexShard.java:1408)
	at org.elasticsearch.index.shard.IndexShard.createNewEngine(IndexShard.java:1403)
	at org.elasticsearch.index.shard.IndexShard.internalPerformTranslogRecovery(IndexShard.java:906)
	at org.elasticsearch.index.shard.IndexShard.performTranslogRecovery(IndexShard.java:883)
	at org.elasticsearch.index.shard.StoreRecoveryService.recoverFromStore(StoreRecoveryService.java:245)
	at org.elasticsearch.index.shard.StoreRecoveryService.access$100(StoreRecoveryService.java:56)
	at org.elasticsearch.index.shard.StoreRecoveryService$1.run(StoreRecoveryService.java:129)
	at java.util.concurrent.ThreadPoolExecutor.runWorker(ThreadPoolExecutor.java:1142)
	at java.util.concurrent.ThreadPoolExecutor$Worker.run(ThreadPoolExecutor.java:617)
	at java.lang.Thread.run(Thread.java:745)
[2015-12-02 13:21:00,067][WARN ][index.translog           ] [Hera] [tickets_development_20151202123659878][2] failed to delete temp file /Users/acareaga/turing/mod3/ticketly/elasticsearch-2.1.0/data/elasticsearch/nodes/0/indices/tickets_development_20151202123659878/2/translog/translog-6035215463328741984.tlog
java.nio.file.NoSuchFileException: /Users/acareaga/turing/mod3/ticketly/elasticsearch-2.1.0/data/elasticsearch/nodes/0/indices/tickets_development_20151202123659878/2/translog/translog-6035215463328741984.tlog
	at sun.nio.fs.UnixException.translateToIOException(UnixException.java:86)
	at sun.nio.fs.UnixException.rethrowAsIOException(UnixException.java:102)
	at sun.nio.fs.UnixException.rethrowAsIOException(UnixException.java:107)
	at sun.nio.fs.UnixFileSystemProvider.implDelete(UnixFileSystemProvider.java:244)
	at sun.nio.fs.AbstractFileSystemProvider.delete(AbstractFileSystemProvider.java:103)
	at java.nio.file.Files.delete(Files.java:1126)
	at org.elasticsearch.index.translog.Translog.recoverFromFiles(Translog.java:324)
	at org.elasticsearch.index.translog.Translog.<init>(Translog.java:166)
	at org.elasticsearch.index.engine.InternalEngine.openTranslog(InternalEngine.java:209)
	at org.elasticsearch.index.engine.InternalEngine.<init>(InternalEngine.java:152)
	at org.elasticsearch.index.engine.InternalEngineFactory.newReadWriteEngine(InternalEngineFactory.java:25)
	at org.elasticsearch.index.shard.IndexShard.newEngine(IndexShard.java:1408)
	at org.elasticsearch.index.shard.IndexShard.createNewEngine(IndexShard.java:1403)
	at org.elasticsearch.index.shard.IndexShard.internalPerformTranslogRecovery(IndexShard.java:906)
	at org.elasticsearch.index.shard.IndexShard.performTranslogRecovery(IndexShard.java:883)
	at org.elasticsearch.index.shard.StoreRecoveryService.recoverFromStore(StoreRecoveryService.java:245)
	at org.elasticsearch.index.shard.StoreRecoveryService.access$100(StoreRecoveryService.java:56)
	at org.elasticsearch.index.shard.StoreRecoveryService$1.run(StoreRecoveryService.java:129)
	at java.util.concurrent.ThreadPoolExecutor.runWorker(ThreadPoolExecutor.java:1142)
	at java.util.concurrent.ThreadPoolExecutor$Worker.run(ThreadPoolExecutor.java:617)
	at java.lang.Thread.run(Thread.java:745)
[2015-12-02 13:21:00,075][WARN ][index.translog           ] [Hera] [tickets_development_20151202123659878][4] failed to delete temp file /Users/acareaga/turing/mod3/ticketly/elasticsearch-2.1.0/data/elasticsearch/nodes/0/indices/tickets_development_20151202123659878/4/translog/translog-166522460466638321.tlog
java.nio.file.NoSuchFileException: /Users/acareaga/turing/mod3/ticketly/elasticsearch-2.1.0/data/elasticsearch/nodes/0/indices/tickets_development_20151202123659878/4/translog/translog-166522460466638321.tlog
	at sun.nio.fs.UnixException.translateToIOException(UnixException.java:86)
	at sun.nio.fs.UnixException.rethrowAsIOException(UnixException.java:102)
	at sun.nio.fs.UnixException.rethrowAsIOException(UnixException.java:107)
	at sun.nio.fs.UnixFileSystemProvider.implDelete(UnixFileSystemProvider.java:244)
	at sun.nio.fs.AbstractFileSystemProvider.delete(AbstractFileSystemProvider.java:103)
	at java.nio.file.Files.delete(Files.java:1126)
	at org.elasticsearch.index.translog.Translog.recoverFromFiles(Translog.java:324)
	at org.elasticsearch.index.translog.Translog.<init>(Translog.java:166)
	at org.elasticsearch.index.engine.InternalEngine.openTranslog(InternalEngine.java:209)
	at org.elasticsearch.index.engine.InternalEngine.<init>(InternalEngine.java:152)
	at org.elasticsearch.index.engine.InternalEngineFactory.newReadWriteEngine(InternalEngineFactory.java:25)
	at org.elasticsearch.index.shard.IndexShard.newEngine(IndexShard.java:1408)
	at org.elasticsearch.index.shard.IndexShard.createNewEngine(IndexShard.java:1403)
	at org.elasticsearch.index.shard.IndexShard.internalPerformTranslogRecovery(IndexShard.java:906)
	at org.elasticsearch.index.shard.IndexShard.performTranslogRecovery(IndexShard.java:883)
	at org.elasticsearch.index.shard.StoreRecoveryService.recoverFromStore(StoreRecoveryService.java:245)
	at org.elasticsearch.index.shard.StoreRecoveryService.access$100(StoreRecoveryService.java:56)
	at org.elasticsearch.index.shard.StoreRecoveryService$1.run(StoreRecoveryService.java:129)
	at java.util.concurrent.ThreadPoolExecutor.runWorker(ThreadPoolExecutor.java:1142)
	at java.util.concurrent.ThreadPoolExecutor$Worker.run(ThreadPoolExecutor.java:617)
	at java.lang.Thread.run(Thread.java:745)
[2015-12-02 13:21:00,098][WARN ][index.translog           ] [Hera] [tickets_development_20151202123659878][0] failed to delete temp file /Users/acareaga/turing/mod3/ticketly/elasticsearch-2.1.0/data/elasticsearch/nodes/0/indices/tickets_development_20151202123659878/0/translog/translog-4735917238467733270.tlog
java.nio.file.NoSuchFileException: /Users/acareaga/turing/mod3/ticketly/elasticsearch-2.1.0/data/elasticsearch/nodes/0/indices/tickets_development_20151202123659878/0/translog/translog-4735917238467733270.tlog
	at sun.nio.fs.UnixException.translateToIOException(UnixException.java:86)
	at sun.nio.fs.UnixException.rethrowAsIOException(UnixException.java:102)
	at sun.nio.fs.UnixException.rethrowAsIOException(UnixException.java:107)
	at sun.nio.fs.UnixFileSystemProvider.implDelete(UnixFileSystemProvider.java:244)
	at sun.nio.fs.AbstractFileSystemProvider.delete(AbstractFileSystemProvider.java:103)
	at java.nio.file.Files.delete(Files.java:1126)
	at org.elasticsearch.index.translog.Translog.recoverFromFiles(Translog.java:324)
	at org.elasticsearch.index.translog.Translog.<init>(Translog.java:166)
	at org.elasticsearch.index.engine.InternalEngine.openTranslog(InternalEngine.java:209)
	at org.elasticsearch.index.engine.InternalEngine.<init>(InternalEngine.java:152)
	at org.elasticsearch.index.engine.InternalEngineFactory.newReadWriteEngine(InternalEngineFactory.java:25)
	at org.elasticsearch.index.shard.IndexShard.newEngine(IndexShard.java:1408)
	at org.elasticsearch.index.shard.IndexShard.createNewEngine(IndexShard.java:1403)
	at org.elasticsearch.index.shard.IndexShard.internalPerformTranslogRecovery(IndexShard.java:906)
	at org.elasticsearch.index.shard.IndexShard.performTranslogRecovery(IndexShard.java:883)
	at org.elasticsearch.index.shard.StoreRecoveryService.recoverFromStore(StoreRecoveryService.java:245)
	at org.elasticsearch.index.shard.StoreRecoveryService.access$100(StoreRecoveryService.java:56)
	at org.elasticsearch.index.shard.StoreRecoveryService$1.run(StoreRecoveryService.java:129)
	at java.util.concurrent.ThreadPoolExecutor.runWorker(ThreadPoolExecutor.java:1142)
	at java.util.concurrent.ThreadPoolExecutor$Worker.run(ThreadPoolExecutor.java:617)
	at java.lang.Thread.run(Thread.java:745)
[2015-12-02 13:21:00,160][WARN ][index.translog           ] [Hera] [tickets_development_20151202123659878][3] failed to delete temp file /Users/acareaga/turing/mod3/ticketly/elasticsearch-2.1.0/data/elasticsearch/nodes/0/indices/tickets_development_20151202123659878/3/translog/translog-7310426739654810737.tlog
java.nio.file.NoSuchFileException: /Users/acareaga/turing/mod3/ticketly/elasticsearch-2.1.0/data/elasticsearch/nodes/0/indices/tickets_development_20151202123659878/3/translog/translog-7310426739654810737.tlog
	at sun.nio.fs.UnixException.translateToIOException(UnixException.java:86)
	at sun.nio.fs.UnixException.rethrowAsIOException(UnixException.java:102)
	at sun.nio.fs.UnixException.rethrowAsIOException(UnixException.java:107)
	at sun.nio.fs.UnixFileSystemProvider.implDelete(UnixFileSystemProvider.java:244)
	at sun.nio.fs.AbstractFileSystemProvider.delete(AbstractFileSystemProvider.java:103)
	at java.nio.file.Files.delete(Files.java:1126)
	at org.elasticsearch.index.translog.Translog.recoverFromFiles(Translog.java:324)
	at org.elasticsearch.index.translog.Translog.<init>(Translog.java:166)
	at org.elasticsearch.index.engine.InternalEngine.openTranslog(InternalEngine.java:209)
	at org.elasticsearch.index.engine.InternalEngine.<init>(InternalEngine.java:152)
	at org.elasticsearch.index.engine.InternalEngineFactory.newReadWriteEngine(InternalEngineFactory.java:25)
	at org.elasticsearch.index.shard.IndexShard.newEngine(IndexShard.java:1408)
	at org.elasticsearch.index.shard.IndexShard.createNewEngine(IndexShard.java:1403)
	at org.elasticsearch.index.shard.IndexShard.internalPerformTranslogRecovery(IndexShard.java:906)
	at org.elasticsearch.index.shard.IndexShard.performTranslogRecovery(IndexShard.java:883)
	at org.elasticsearch.index.shard.StoreRecoveryService.recoverFromStore(StoreRecoveryService.java:245)
	at org.elasticsearch.index.shard.StoreRecoveryService.access$100(StoreRecoveryService.java:56)
	at org.elasticsearch.index.shard.StoreRecoveryService$1.run(StoreRecoveryService.java:129)
	at java.util.concurrent.ThreadPoolExecutor.runWorker(ThreadPoolExecutor.java:1142)
	at java.util.concurrent.ThreadPoolExecutor$Worker.run(ThreadPoolExecutor.java:617)
	at java.lang.Thread.run(Thread.java:745)
[2015-12-02 13:21:06,006][INFO ][cluster.metadata         ] [Hera] [events_development_20151202132105919] creating index, cause [api], templates [], shards [5]/[1], mappings [_default_]
[2015-12-02 13:21:06,328][INFO ][cluster.metadata         ] [Hera] [events_development_20151202132105919] create_mapping [event]
[2015-12-02 13:35:33,920][INFO ][node                     ] [Hera] stopping ...
[2015-12-02 13:35:33,976][INFO ][node                     ] [Hera] stopped
[2015-12-02 13:35:33,976][INFO ][node                     ] [Hera] closing ...
[2015-12-02 13:35:33,981][INFO ][node                     ] [Hera] closed
[2015-12-02 13:36:13,507][INFO ][node                     ] [Vashti] version[2.1.0], pid[10711], build[72cd1f1/2015-11-18T22:40:03Z]
[2015-12-02 13:36:13,507][INFO ][node                     ] [Vashti] initializing ...
[2015-12-02 13:36:13,593][INFO ][plugins                  ] [Vashti] loaded [], sites []
[2015-12-02 13:36:13,616][INFO ][env                      ] [Vashti] using [1] data paths, mounts [[/ (/dev/disk1)]], net usable_space [173.7gb], net total_space [464.7gb], spins? [unknown], types [hfs]
[2015-12-02 13:36:15,735][INFO ][node                     ] [Vashti] initialized
[2015-12-02 13:36:15,735][INFO ][node                     ] [Vashti] starting ...
[2015-12-02 13:36:15,840][INFO ][transport                ] [Vashti] publish_address {127.0.0.1:9300}, bound_addresses {127.0.0.1:9300}, {[fe80::1]:9300}, {[::1]:9300}
[2015-12-02 13:36:15,854][INFO ][discovery                ] [Vashti] elasticsearch/1PAteq89RxGKMMUwdFEibA
[2015-12-02 13:36:18,898][INFO ][cluster.service          ] [Vashti] new_master {Vashti}{1PAteq89RxGKMMUwdFEibA}{127.0.0.1}{127.0.0.1:9300}, reason: zen-disco-join(elected_as_master, [0] joins received)
[2015-12-02 13:36:18,958][INFO ][http                     ] [Vashti] publish_address {127.0.0.1:9200}, bound_addresses {127.0.0.1:9200}, {[fe80::1]:9200}, {[::1]:9200}
[2015-12-02 13:36:18,959][INFO ][node                     ] [Vashti] started
[2015-12-02 13:36:19,069][INFO ][gateway                  ] [Vashti] recovered [3] indices into cluster_state
[2015-12-02 13:36:19,875][WARN ][index.translog           ] [Vashti] [events_development_20151202132105919][1] failed to delete temp file /Users/acareaga/turing/mod3/ticketly/elasticsearch-2.1.0/data/elasticsearch/nodes/0/indices/events_development_20151202132105919/1/translog/translog-3722887744506664813.tlog
java.nio.file.NoSuchFileException: /Users/acareaga/turing/mod3/ticketly/elasticsearch-2.1.0/data/elasticsearch/nodes/0/indices/events_development_20151202132105919/1/translog/translog-3722887744506664813.tlog
	at sun.nio.fs.UnixException.translateToIOException(UnixException.java:86)
	at sun.nio.fs.UnixException.rethrowAsIOException(UnixException.java:102)
	at sun.nio.fs.UnixException.rethrowAsIOException(UnixException.java:107)
	at sun.nio.fs.UnixFileSystemProvider.implDelete(UnixFileSystemProvider.java:244)
	at sun.nio.fs.AbstractFileSystemProvider.delete(AbstractFileSystemProvider.java:103)
	at java.nio.file.Files.delete(Files.java:1126)
	at org.elasticsearch.index.translog.Translog.recoverFromFiles(Translog.java:324)
	at org.elasticsearch.index.translog.Translog.<init>(Translog.java:166)
	at org.elasticsearch.index.engine.InternalEngine.openTranslog(InternalEngine.java:209)
	at org.elasticsearch.index.engine.InternalEngine.<init>(InternalEngine.java:152)
	at org.elasticsearch.index.engine.InternalEngineFactory.newReadWriteEngine(InternalEngineFactory.java:25)
	at org.elasticsearch.index.shard.IndexShard.newEngine(IndexShard.java:1408)
	at org.elasticsearch.index.shard.IndexShard.createNewEngine(IndexShard.java:1403)
	at org.elasticsearch.index.shard.IndexShard.internalPerformTranslogRecovery(IndexShard.java:906)
	at org.elasticsearch.index.shard.IndexShard.performTranslogRecovery(IndexShard.java:883)
	at org.elasticsearch.index.shard.StoreRecoveryService.recoverFromStore(StoreRecoveryService.java:245)
	at org.elasticsearch.index.shard.StoreRecoveryService.access$100(StoreRecoveryService.java:56)
	at org.elasticsearch.index.shard.StoreRecoveryService$1.run(StoreRecoveryService.java:129)
	at java.util.concurrent.ThreadPoolExecutor.runWorker(ThreadPoolExecutor.java:1142)
	at java.util.concurrent.ThreadPoolExecutor$Worker.run(ThreadPoolExecutor.java:617)
	at java.lang.Thread.run(Thread.java:745)
[2015-12-02 13:36:19,876][WARN ][index.translog           ] [Vashti] [events_development_20151202132105919][3] failed to delete temp file /Users/acareaga/turing/mod3/ticketly/elasticsearch-2.1.0/data/elasticsearch/nodes/0/indices/events_development_20151202132105919/3/translog/translog-4305424618113872653.tlog
java.nio.file.NoSuchFileException: /Users/acareaga/turing/mod3/ticketly/elasticsearch-2.1.0/data/elasticsearch/nodes/0/indices/events_development_20151202132105919/3/translog/translog-4305424618113872653.tlog
	at sun.nio.fs.UnixException.translateToIOException(UnixException.java:86)
	at sun.nio.fs.UnixException.rethrowAsIOException(UnixException.java:102)
	at sun.nio.fs.UnixException.rethrowAsIOException(UnixException.java:107)
	at sun.nio.fs.UnixFileSystemProvider.implDelete(UnixFileSystemProvider.java:244)
	at sun.nio.fs.AbstractFileSystemProvider.delete(AbstractFileSystemProvider.java:103)
	at java.nio.file.Files.delete(Files.java:1126)
	at org.elasticsearch.index.translog.Translog.recoverFromFiles(Translog.java:324)
	at org.elasticsearch.index.translog.Translog.<init>(Translog.java:166)
	at org.elasticsearch.index.engine.InternalEngine.openTranslog(InternalEngine.java:209)
	at org.elasticsearch.index.engine.InternalEngine.<init>(InternalEngine.java:152)
	at org.elasticsearch.index.engine.InternalEngineFactory.newReadWriteEngine(InternalEngineFactory.java:25)
	at org.elasticsearch.index.shard.IndexShard.newEngine(IndexShard.java:1408)
	at org.elasticsearch.index.shard.IndexShard.createNewEngine(IndexShard.java:1403)
	at org.elasticsearch.index.shard.IndexShard.internalPerformTranslogRecovery(IndexShard.java:906)
	at org.elasticsearch.index.shard.IndexShard.performTranslogRecovery(IndexShard.java:883)
	at org.elasticsearch.index.shard.StoreRecoveryService.recoverFromStore(StoreRecoveryService.java:245)
	at org.elasticsearch.index.shard.StoreRecoveryService.access$100(StoreRecoveryService.java:56)
	at org.elasticsearch.index.shard.StoreRecoveryService$1.run(StoreRecoveryService.java:129)
	at java.util.concurrent.ThreadPoolExecutor.runWorker(ThreadPoolExecutor.java:1142)
	at java.util.concurrent.ThreadPoolExecutor$Worker.run(ThreadPoolExecutor.java:617)
	at java.lang.Thread.run(Thread.java:745)
[2015-12-02 13:36:19,875][WARN ][index.translog           ] [Vashti] [events_development_20151202132105919][4] failed to delete temp file /Users/acareaga/turing/mod3/ticketly/elasticsearch-2.1.0/data/elasticsearch/nodes/0/indices/events_development_20151202132105919/4/translog/translog-6079543840737309166.tlog
java.nio.file.NoSuchFileException: /Users/acareaga/turing/mod3/ticketly/elasticsearch-2.1.0/data/elasticsearch/nodes/0/indices/events_development_20151202132105919/4/translog/translog-6079543840737309166.tlog
	at sun.nio.fs.UnixException.translateToIOException(UnixException.java:86)
	at sun.nio.fs.UnixException.rethrowAsIOException(UnixException.java:102)
	at sun.nio.fs.UnixException.rethrowAsIOException(UnixException.java:107)
	at sun.nio.fs.UnixFileSystemProvider.implDelete(UnixFileSystemProvider.java:244)
	at sun.nio.fs.AbstractFileSystemProvider.delete(AbstractFileSystemProvider.java:103)
	at java.nio.file.Files.delete(Files.java:1126)
	at org.elasticsearch.index.translog.Translog.recoverFromFiles(Translog.java:324)
	at org.elasticsearch.index.translog.Translog.<init>(Translog.java:166)
	at org.elasticsearch.index.engine.InternalEngine.openTranslog(InternalEngine.java:209)
	at org.elasticsearch.index.engine.InternalEngine.<init>(InternalEngine.java:152)
	at org.elasticsearch.index.engine.InternalEngineFactory.newReadWriteEngine(InternalEngineFactory.java:25)
	at org.elasticsearch.index.shard.IndexShard.newEngine(IndexShard.java:1408)
	at org.elasticsearch.index.shard.IndexShard.createNewEngine(IndexShard.java:1403)
	at org.elasticsearch.index.shard.IndexShard.internalPerformTranslogRecovery(IndexShard.java:906)
	at org.elasticsearch.index.shard.IndexShard.performTranslogRecovery(IndexShard.java:883)
	at org.elasticsearch.index.shard.StoreRecoveryService.recoverFromStore(StoreRecoveryService.java:245)
	at org.elasticsearch.index.shard.StoreRecoveryService.access$100(StoreRecoveryService.java:56)
	at org.elasticsearch.index.shard.StoreRecoveryService$1.run(StoreRecoveryService.java:129)
	at java.util.concurrent.ThreadPoolExecutor.runWorker(ThreadPoolExecutor.java:1142)
	at java.util.concurrent.ThreadPoolExecutor$Worker.run(ThreadPoolExecutor.java:617)
	at java.lang.Thread.run(Thread.java:745)
[2015-12-02 13:36:19,876][WARN ][index.translog           ] [Vashti] [events_development_20151202132105919][2] failed to delete temp file /Users/acareaga/turing/mod3/ticketly/elasticsearch-2.1.0/data/elasticsearch/nodes/0/indices/events_development_20151202132105919/2/translog/translog-6643816131396495027.tlog
java.nio.file.NoSuchFileException: /Users/acareaga/turing/mod3/ticketly/elasticsearch-2.1.0/data/elasticsearch/nodes/0/indices/events_development_20151202132105919/2/translog/translog-6643816131396495027.tlog
	at sun.nio.fs.UnixException.translateToIOException(UnixException.java:86)
	at sun.nio.fs.UnixException.rethrowAsIOException(UnixException.java:102)
	at sun.nio.fs.UnixException.rethrowAsIOException(UnixException.java:107)
	at sun.nio.fs.UnixFileSystemProvider.implDelete(UnixFileSystemProvider.java:244)
	at sun.nio.fs.AbstractFileSystemProvider.delete(AbstractFileSystemProvider.java:103)
	at java.nio.file.Files.delete(Files.java:1126)
	at org.elasticsearch.index.translog.Translog.recoverFromFiles(Translog.java:324)
	at org.elasticsearch.index.translog.Translog.<init>(Translog.java:166)
	at org.elasticsearch.index.engine.InternalEngine.openTranslog(InternalEngine.java:209)
	at org.elasticsearch.index.engine.InternalEngine.<init>(InternalEngine.java:152)
	at org.elasticsearch.index.engine.InternalEngineFactory.newReadWriteEngine(InternalEngineFactory.java:25)
	at org.elasticsearch.index.shard.IndexShard.newEngine(IndexShard.java:1408)
	at org.elasticsearch.index.shard.IndexShard.createNewEngine(IndexShard.java:1403)
	at org.elasticsearch.index.shard.IndexShard.internalPerformTranslogRecovery(IndexShard.java:906)
	at org.elasticsearch.index.shard.IndexShard.performTranslogRecovery(IndexShard.java:883)
	at org.elasticsearch.index.shard.StoreRecoveryService.recoverFromStore(StoreRecoveryService.java:245)
	at org.elasticsearch.index.shard.StoreRecoveryService.access$100(StoreRecoveryService.java:56)
	at org.elasticsearch.index.shard.StoreRecoveryService$1.run(StoreRecoveryService.java:129)
	at java.util.concurrent.ThreadPoolExecutor.runWorker(ThreadPoolExecutor.java:1142)
	at java.util.concurrent.ThreadPoolExecutor$Worker.run(ThreadPoolExecutor.java:617)
	at java.lang.Thread.run(Thread.java:745)
[2015-12-02 13:36:20,085][WARN ][index.translog           ] [Vashti] [categories_development_20151202123720875][2] failed to delete temp file /Users/acareaga/turing/mod3/ticketly/elasticsearch-2.1.0/data/elasticsearch/nodes/0/indices/categories_development_20151202123720875/2/translog/translog-130283895603855573.tlog
java.nio.file.NoSuchFileException: /Users/acareaga/turing/mod3/ticketly/elasticsearch-2.1.0/data/elasticsearch/nodes/0/indices/categories_development_20151202123720875/2/translog/translog-130283895603855573.tlog
	at sun.nio.fs.UnixException.translateToIOException(UnixException.java:86)
	at sun.nio.fs.UnixException.rethrowAsIOException(UnixException.java:102)
	at sun.nio.fs.UnixException.rethrowAsIOException(UnixException.java:107)
	at sun.nio.fs.UnixFileSystemProvider.implDelete(UnixFileSystemProvider.java:244)
	at sun.nio.fs.AbstractFileSystemProvider.delete(AbstractFileSystemProvider.java:103)
	at java.nio.file.Files.delete(Files.java:1126)
	at org.elasticsearch.index.translog.Translog.recoverFromFiles(Translog.java:324)
	at org.elasticsearch.index.translog.Translog.<init>(Translog.java:166)
	at org.elasticsearch.index.engine.InternalEngine.openTranslog(InternalEngine.java:209)
	at org.elasticsearch.index.engine.InternalEngine.<init>(InternalEngine.java:152)
	at org.elasticsearch.index.engine.InternalEngineFactory.newReadWriteEngine(InternalEngineFactory.java:25)
	at org.elasticsearch.index.shard.IndexShard.newEngine(IndexShard.java:1408)
	at org.elasticsearch.index.shard.IndexShard.createNewEngine(IndexShard.java:1403)
	at org.elasticsearch.index.shard.IndexShard.internalPerformTranslogRecovery(IndexShard.java:906)
	at org.elasticsearch.index.shard.IndexShard.performTranslogRecovery(IndexShard.java:883)
	at org.elasticsearch.index.shard.StoreRecoveryService.recoverFromStore(StoreRecoveryService.java:245)
	at org.elasticsearch.index.shard.StoreRecoveryService.access$100(StoreRecoveryService.java:56)
	at org.elasticsearch.index.shard.StoreRecoveryService$1.run(StoreRecoveryService.java:129)
	at java.util.concurrent.ThreadPoolExecutor.runWorker(ThreadPoolExecutor.java:1142)
	at java.util.concurrent.ThreadPoolExecutor$Worker.run(ThreadPoolExecutor.java:617)
	at java.lang.Thread.run(Thread.java:745)
[2015-12-02 13:36:20,107][WARN ][index.translog           ] [Vashti] [categories_development_20151202123720875][4] failed to delete temp file /Users/acareaga/turing/mod3/ticketly/elasticsearch-2.1.0/data/elasticsearch/nodes/0/indices/categories_development_20151202123720875/4/translog/translog-5694334854125169188.tlog
java.nio.file.NoSuchFileException: /Users/acareaga/turing/mod3/ticketly/elasticsearch-2.1.0/data/elasticsearch/nodes/0/indices/categories_development_20151202123720875/4/translog/translog-5694334854125169188.tlog
	at sun.nio.fs.UnixException.translateToIOException(UnixException.java:86)
	at sun.nio.fs.UnixException.rethrowAsIOException(UnixException.java:102)
	at sun.nio.fs.UnixException.rethrowAsIOException(UnixException.java:107)
	at sun.nio.fs.UnixFileSystemProvider.implDelete(UnixFileSystemProvider.java:244)
	at sun.nio.fs.AbstractFileSystemProvider.delete(AbstractFileSystemProvider.java:103)
	at java.nio.file.Files.delete(Files.java:1126)
	at org.elasticsearch.index.translog.Translog.recoverFromFiles(Translog.java:324)
	at org.elasticsearch.index.translog.Translog.<init>(Translog.java:166)
	at org.elasticsearch.index.engine.InternalEngine.openTranslog(InternalEngine.java:209)
	at org.elasticsearch.index.engine.InternalEngine.<init>(InternalEngine.java:152)
	at org.elasticsearch.index.engine.InternalEngineFactory.newReadWriteEngine(InternalEngineFactory.java:25)
	at org.elasticsearch.index.shard.IndexShard.newEngine(IndexShard.java:1408)
	at org.elasticsearch.index.shard.IndexShard.createNewEngine(IndexShard.java:1403)
	at org.elasticsearch.index.shard.IndexShard.internalPerformTranslogRecovery(IndexShard.java:906)
	at org.elasticsearch.index.shard.IndexShard.performTranslogRecovery(IndexShard.java:883)
	at org.elasticsearch.index.shard.StoreRecoveryService.recoverFromStore(StoreRecoveryService.java:245)
	at org.elasticsearch.index.shard.StoreRecoveryService.access$100(StoreRecoveryService.java:56)
	at org.elasticsearch.index.shard.StoreRecoveryService$1.run(StoreRecoveryService.java:129)
	at java.util.concurrent.ThreadPoolExecutor.runWorker(ThreadPoolExecutor.java:1142)
	at java.util.concurrent.ThreadPoolExecutor$Worker.run(ThreadPoolExecutor.java:617)
	at java.lang.Thread.run(Thread.java:745)
[2015-12-02 13:36:20,112][WARN ][index.translog           ] [Vashti] [categories_development_20151202123720875][3] failed to delete temp file /Users/acareaga/turing/mod3/ticketly/elasticsearch-2.1.0/data/elasticsearch/nodes/0/indices/categories_development_20151202123720875/3/translog/translog-1610318428896810473.tlog
java.nio.file.NoSuchFileException: /Users/acareaga/turing/mod3/ticketly/elasticsearch-2.1.0/data/elasticsearch/nodes/0/indices/categories_development_20151202123720875/3/translog/translog-1610318428896810473.tlog
	at sun.nio.fs.UnixException.translateToIOException(UnixException.java:86)
	at sun.nio.fs.UnixException.rethrowAsIOException(UnixException.java:102)
	at sun.nio.fs.UnixException.rethrowAsIOException(UnixException.java:107)
	at sun.nio.fs.UnixFileSystemProvider.implDelete(UnixFileSystemProvider.java:244)
	at sun.nio.fs.AbstractFileSystemProvider.delete(AbstractFileSystemProvider.java:103)
	at java.nio.file.Files.delete(Files.java:1126)
	at org.elasticsearch.index.translog.Translog.recoverFromFiles(Translog.java:324)
	at org.elasticsearch.index.translog.Translog.<init>(Translog.java:166)
	at org.elasticsearch.index.engine.InternalEngine.openTranslog(InternalEngine.java:209)
	at org.elasticsearch.index.engine.InternalEngine.<init>(InternalEngine.java:152)
	at org.elasticsearch.index.engine.InternalEngineFactory.newReadWriteEngine(InternalEngineFactory.java:25)
	at org.elasticsearch.index.shard.IndexShard.newEngine(IndexShard.java:1408)
	at org.elasticsearch.index.shard.IndexShard.createNewEngine(IndexShard.java:1403)
	at org.elasticsearch.index.shard.IndexShard.internalPerformTranslogRecovery(IndexShard.java:906)
	at org.elasticsearch.index.shard.IndexShard.performTranslogRecovery(IndexShard.java:883)
	at org.elasticsearch.index.shard.StoreRecoveryService.recoverFromStore(StoreRecoveryService.java:245)
	at org.elasticsearch.index.shard.StoreRecoveryService.access$100(StoreRecoveryService.java:56)
	at org.elasticsearch.index.shard.StoreRecoveryService$1.run(StoreRecoveryService.java:129)
	at java.util.concurrent.ThreadPoolExecutor.runWorker(ThreadPoolExecutor.java:1142)
	at java.util.concurrent.ThreadPoolExecutor$Worker.run(ThreadPoolExecutor.java:617)
	at java.lang.Thread.run(Thread.java:745)
[2015-12-02 13:36:20,224][WARN ][index.translog           ] [Vashti] [events_development_20151202132105919][0] failed to delete temp file /Users/acareaga/turing/mod3/ticketly/elasticsearch-2.1.0/data/elasticsearch/nodes/0/indices/events_development_20151202132105919/0/translog/translog-7718380380585572905.tlog
java.nio.file.NoSuchFileException: /Users/acareaga/turing/mod3/ticketly/elasticsearch-2.1.0/data/elasticsearch/nodes/0/indices/events_development_20151202132105919/0/translog/translog-7718380380585572905.tlog
	at sun.nio.fs.UnixException.translateToIOException(UnixException.java:86)
	at sun.nio.fs.UnixException.rethrowAsIOException(UnixException.java:102)
	at sun.nio.fs.UnixException.rethrowAsIOException(UnixException.java:107)
	at sun.nio.fs.UnixFileSystemProvider.implDelete(UnixFileSystemProvider.java:244)
	at sun.nio.fs.AbstractFileSystemProvider.delete(AbstractFileSystemProvider.java:103)
	at java.nio.file.Files.delete(Files.java:1126)
	at org.elasticsearch.index.translog.Translog.recoverFromFiles(Translog.java:324)
	at org.elasticsearch.index.translog.Translog.<init>(Translog.java:166)
	at org.elasticsearch.index.engine.InternalEngine.openTranslog(InternalEngine.java:209)
	at org.elasticsearch.index.engine.InternalEngine.<init>(InternalEngine.java:152)
	at org.elasticsearch.index.engine.InternalEngineFactory.newReadWriteEngine(InternalEngineFactory.java:25)
	at org.elasticsearch.index.shard.IndexShard.newEngine(IndexShard.java:1408)
	at org.elasticsearch.index.shard.IndexShard.createNewEngine(IndexShard.java:1403)
	at org.elasticsearch.index.shard.IndexShard.internalPerformTranslogRecovery(IndexShard.java:906)
	at org.elasticsearch.index.shard.IndexShard.performTranslogRecovery(IndexShard.java:883)
	at org.elasticsearch.index.shard.StoreRecoveryService.recoverFromStore(StoreRecoveryService.java:245)
	at org.elasticsearch.index.shard.StoreRecoveryService.access$100(StoreRecoveryService.java:56)
	at org.elasticsearch.index.shard.StoreRecoveryService$1.run(StoreRecoveryService.java:129)
	at java.util.concurrent.ThreadPoolExecutor.runWorker(ThreadPoolExecutor.java:1142)
	at java.util.concurrent.ThreadPoolExecutor$Worker.run(ThreadPoolExecutor.java:617)
	at java.lang.Thread.run(Thread.java:745)
[2015-12-02 13:36:20,381][WARN ][index.translog           ] [Vashti] [tickets_development_20151202123659878][2] failed to delete temp file /Users/acareaga/turing/mod3/ticketly/elasticsearch-2.1.0/data/elasticsearch/nodes/0/indices/tickets_development_20151202123659878/2/translog/translog-3323973854319619671.tlog
java.nio.file.NoSuchFileException: /Users/acareaga/turing/mod3/ticketly/elasticsearch-2.1.0/data/elasticsearch/nodes/0/indices/tickets_development_20151202123659878/2/translog/translog-3323973854319619671.tlog
	at sun.nio.fs.UnixException.translateToIOException(UnixException.java:86)
	at sun.nio.fs.UnixException.rethrowAsIOException(UnixException.java:102)
	at sun.nio.fs.UnixException.rethrowAsIOException(UnixException.java:107)
	at sun.nio.fs.UnixFileSystemProvider.implDelete(UnixFileSystemProvider.java:244)
	at sun.nio.fs.AbstractFileSystemProvider.delete(AbstractFileSystemProvider.java:103)
	at java.nio.file.Files.delete(Files.java:1126)
	at org.elasticsearch.index.translog.Translog.recoverFromFiles(Translog.java:324)
	at org.elasticsearch.index.translog.Translog.<init>(Translog.java:166)
	at org.elasticsearch.index.engine.InternalEngine.openTranslog(InternalEngine.java:209)
	at org.elasticsearch.index.engine.InternalEngine.<init>(InternalEngine.java:152)
	at org.elasticsearch.index.engine.InternalEngineFactory.newReadWriteEngine(InternalEngineFactory.java:25)
	at org.elasticsearch.index.shard.IndexShard.newEngine(IndexShard.java:1408)
	at org.elasticsearch.index.shard.IndexShard.createNewEngine(IndexShard.java:1403)
	at org.elasticsearch.index.shard.IndexShard.internalPerformTranslogRecovery(IndexShard.java:906)
	at org.elasticsearch.index.shard.IndexShard.performTranslogRecovery(IndexShard.java:883)
	at org.elasticsearch.index.shard.StoreRecoveryService.recoverFromStore(StoreRecoveryService.java:245)
	at org.elasticsearch.index.shard.StoreRecoveryService.access$100(StoreRecoveryService.java:56)
	at org.elasticsearch.index.shard.StoreRecoveryService$1.run(StoreRecoveryService.java:129)
	at java.util.concurrent.ThreadPoolExecutor.runWorker(ThreadPoolExecutor.java:1142)
	at java.util.concurrent.ThreadPoolExecutor$Worker.run(ThreadPoolExecutor.java:617)
	at java.lang.Thread.run(Thread.java:745)
[2015-12-02 13:36:20,419][WARN ][index.translog           ] [Vashti] [categories_development_20151202123720875][1] failed to delete temp file /Users/acareaga/turing/mod3/ticketly/elasticsearch-2.1.0/data/elasticsearch/nodes/0/indices/categories_development_20151202123720875/1/translog/translog-5104849889721731434.tlog
java.nio.file.NoSuchFileException: /Users/acareaga/turing/mod3/ticketly/elasticsearch-2.1.0/data/elasticsearch/nodes/0/indices/categories_development_20151202123720875/1/translog/translog-5104849889721731434.tlog
	at sun.nio.fs.UnixException.translateToIOException(UnixException.java:86)
	at sun.nio.fs.UnixException.rethrowAsIOException(UnixException.java:102)
	at sun.nio.fs.UnixException.rethrowAsIOException(UnixException.java:107)
	at sun.nio.fs.UnixFileSystemProvider.implDelete(UnixFileSystemProvider.java:244)
	at sun.nio.fs.AbstractFileSystemProvider.delete(AbstractFileSystemProvider.java:103)
	at java.nio.file.Files.delete(Files.java:1126)
	at org.elasticsearch.index.translog.Translog.recoverFromFiles(Translog.java:324)
	at org.elasticsearch.index.translog.Translog.<init>(Translog.java:166)
	at org.elasticsearch.index.engine.InternalEngine.openTranslog(InternalEngine.java:209)
	at org.elasticsearch.index.engine.InternalEngine.<init>(InternalEngine.java:152)
	at org.elasticsearch.index.engine.InternalEngineFactory.newReadWriteEngine(InternalEngineFactory.java:25)
	at org.elasticsearch.index.shard.IndexShard.newEngine(IndexShard.java:1408)
	at org.elasticsearch.index.shard.IndexShard.createNewEngine(IndexShard.java:1403)
	at org.elasticsearch.index.shard.IndexShard.internalPerformTranslogRecovery(IndexShard.java:906)
	at org.elasticsearch.index.shard.IndexShard.performTranslogRecovery(IndexShard.java:883)
	at org.elasticsearch.index.shard.StoreRecoveryService.recoverFromStore(StoreRecoveryService.java:245)
	at org.elasticsearch.index.shard.StoreRecoveryService.access$100(StoreRecoveryService.java:56)
	at org.elasticsearch.index.shard.StoreRecoveryService$1.run(StoreRecoveryService.java:129)
	at java.util.concurrent.ThreadPoolExecutor.runWorker(ThreadPoolExecutor.java:1142)
	at java.util.concurrent.ThreadPoolExecutor$Worker.run(ThreadPoolExecutor.java:617)
	at java.lang.Thread.run(Thread.java:745)
[2015-12-02 13:36:20,434][WARN ][index.translog           ] [Vashti] [categories_development_20151202123720875][0] failed to delete temp file /Users/acareaga/turing/mod3/ticketly/elasticsearch-2.1.0/data/elasticsearch/nodes/0/indices/categories_development_20151202123720875/0/translog/translog-1763718792064549554.tlog
java.nio.file.NoSuchFileException: /Users/acareaga/turing/mod3/ticketly/elasticsearch-2.1.0/data/elasticsearch/nodes/0/indices/categories_development_20151202123720875/0/translog/translog-1763718792064549554.tlog
	at sun.nio.fs.UnixException.translateToIOException(UnixException.java:86)
	at sun.nio.fs.UnixException.rethrowAsIOException(UnixException.java:102)
	at sun.nio.fs.UnixException.rethrowAsIOException(UnixException.java:107)
	at sun.nio.fs.UnixFileSystemProvider.implDelete(UnixFileSystemProvider.java:244)
	at sun.nio.fs.AbstractFileSystemProvider.delete(AbstractFileSystemProvider.java:103)
	at java.nio.file.Files.delete(Files.java:1126)
	at org.elasticsearch.index.translog.Translog.recoverFromFiles(Translog.java:324)
	at org.elasticsearch.index.translog.Translog.<init>(Translog.java:166)
	at org.elasticsearch.index.engine.InternalEngine.openTranslog(InternalEngine.java:209)
	at org.elasticsearch.index.engine.InternalEngine.<init>(InternalEngine.java:152)
	at org.elasticsearch.index.engine.InternalEngineFactory.newReadWriteEngine(InternalEngineFactory.java:25)
	at org.elasticsearch.index.shard.IndexShard.newEngine(IndexShard.java:1408)
	at org.elasticsearch.index.shard.IndexShard.createNewEngine(IndexShard.java:1403)
	at org.elasticsearch.index.shard.IndexShard.internalPerformTranslogRecovery(IndexShard.java:906)
	at org.elasticsearch.index.shard.IndexShard.performTranslogRecovery(IndexShard.java:883)
	at org.elasticsearch.index.shard.StoreRecoveryService.recoverFromStore(StoreRecoveryService.java:245)
	at org.elasticsearch.index.shard.StoreRecoveryService.access$100(StoreRecoveryService.java:56)
	at org.elasticsearch.index.shard.StoreRecoveryService$1.run(StoreRecoveryService.java:129)
	at java.util.concurrent.ThreadPoolExecutor.runWorker(ThreadPoolExecutor.java:1142)
	at java.util.concurrent.ThreadPoolExecutor$Worker.run(ThreadPoolExecutor.java:617)
	at java.lang.Thread.run(Thread.java:745)
[2015-12-02 13:36:20,480][WARN ][index.translog           ] [Vashti] [tickets_development_20151202123659878][3] failed to delete temp file /Users/acareaga/turing/mod3/ticketly/elasticsearch-2.1.0/data/elasticsearch/nodes/0/indices/tickets_development_20151202123659878/3/translog/translog-3442885071235129638.tlog
java.nio.file.NoSuchFileException: /Users/acareaga/turing/mod3/ticketly/elasticsearch-2.1.0/data/elasticsearch/nodes/0/indices/tickets_development_20151202123659878/3/translog/translog-3442885071235129638.tlog
	at sun.nio.fs.UnixException.translateToIOException(UnixException.java:86)
	at sun.nio.fs.UnixException.rethrowAsIOException(UnixException.java:102)
	at sun.nio.fs.UnixException.rethrowAsIOException(UnixException.java:107)
	at sun.nio.fs.UnixFileSystemProvider.implDelete(UnixFileSystemProvider.java:244)
	at sun.nio.fs.AbstractFileSystemProvider.delete(AbstractFileSystemProvider.java:103)
	at java.nio.file.Files.delete(Files.java:1126)
	at org.elasticsearch.index.translog.Translog.recoverFromFiles(Translog.java:324)
	at org.elasticsearch.index.translog.Translog.<init>(Translog.java:166)
	at org.elasticsearch.index.engine.InternalEngine.openTranslog(InternalEngine.java:209)
	at org.elasticsearch.index.engine.InternalEngine.<init>(InternalEngine.java:152)
	at org.elasticsearch.index.engine.InternalEngineFactory.newReadWriteEngine(InternalEngineFactory.java:25)
	at org.elasticsearch.index.shard.IndexShard.newEngine(IndexShard.java:1408)
	at org.elasticsearch.index.shard.IndexShard.createNewEngine(IndexShard.java:1403)
	at org.elasticsearch.index.shard.IndexShard.internalPerformTranslogRecovery(IndexShard.java:906)
	at org.elasticsearch.index.shard.IndexShard.performTranslogRecovery(IndexShard.java:883)
	at org.elasticsearch.index.shard.StoreRecoveryService.recoverFromStore(StoreRecoveryService.java:245)
	at org.elasticsearch.index.shard.StoreRecoveryService.access$100(StoreRecoveryService.java:56)
	at org.elasticsearch.index.shard.StoreRecoveryService$1.run(StoreRecoveryService.java:129)
	at java.util.concurrent.ThreadPoolExecutor.runWorker(ThreadPoolExecutor.java:1142)
	at java.util.concurrent.ThreadPoolExecutor$Worker.run(ThreadPoolExecutor.java:617)
	at java.lang.Thread.run(Thread.java:745)
[2015-12-02 13:36:20,500][WARN ][index.translog           ] [Vashti] [tickets_development_20151202123659878][0] failed to delete temp file /Users/acareaga/turing/mod3/ticketly/elasticsearch-2.1.0/data/elasticsearch/nodes/0/indices/tickets_development_20151202123659878/0/translog/translog-6142425089909589188.tlog
java.nio.file.NoSuchFileException: /Users/acareaga/turing/mod3/ticketly/elasticsearch-2.1.0/data/elasticsearch/nodes/0/indices/tickets_development_20151202123659878/0/translog/translog-6142425089909589188.tlog
	at sun.nio.fs.UnixException.translateToIOException(UnixException.java:86)
	at sun.nio.fs.UnixException.rethrowAsIOException(UnixException.java:102)
	at sun.nio.fs.UnixException.rethrowAsIOException(UnixException.java:107)
	at sun.nio.fs.UnixFileSystemProvider.implDelete(UnixFileSystemProvider.java:244)
	at sun.nio.fs.AbstractFileSystemProvider.delete(AbstractFileSystemProvider.java:103)
	at java.nio.file.Files.delete(Files.java:1126)
	at org.elasticsearch.index.translog.Translog.recoverFromFiles(Translog.java:324)
	at org.elasticsearch.index.translog.Translog.<init>(Translog.java:166)
	at org.elasticsearch.index.engine.InternalEngine.openTranslog(InternalEngine.java:209)
	at org.elasticsearch.index.engine.InternalEngine.<init>(InternalEngine.java:152)
	at org.elasticsearch.index.engine.InternalEngineFactory.newReadWriteEngine(InternalEngineFactory.java:25)
	at org.elasticsearch.index.shard.IndexShard.newEngine(IndexShard.java:1408)
	at org.elasticsearch.index.shard.IndexShard.createNewEngine(IndexShard.java:1403)
	at org.elasticsearch.index.shard.IndexShard.internalPerformTranslogRecovery(IndexShard.java:906)
	at org.elasticsearch.index.shard.IndexShard.performTranslogRecovery(IndexShard.java:883)
	at org.elasticsearch.index.shard.StoreRecoveryService.recoverFromStore(StoreRecoveryService.java:245)
	at org.elasticsearch.index.shard.StoreRecoveryService.access$100(StoreRecoveryService.java:56)
	at org.elasticsearch.index.shard.StoreRecoveryService$1.run(StoreRecoveryService.java:129)
	at java.util.concurrent.ThreadPoolExecutor.runWorker(ThreadPoolExecutor.java:1142)
	at java.util.concurrent.ThreadPoolExecutor$Worker.run(ThreadPoolExecutor.java:617)
	at java.lang.Thread.run(Thread.java:745)
[2015-12-02 13:36:20,538][WARN ][index.translog           ] [Vashti] [tickets_development_20151202123659878][4] failed to delete temp file /Users/acareaga/turing/mod3/ticketly/elasticsearch-2.1.0/data/elasticsearch/nodes/0/indices/tickets_development_20151202123659878/4/translog/translog-5015109267515360769.tlog
java.nio.file.NoSuchFileException: /Users/acareaga/turing/mod3/ticketly/elasticsearch-2.1.0/data/elasticsearch/nodes/0/indices/tickets_development_20151202123659878/4/translog/translog-5015109267515360769.tlog
	at sun.nio.fs.UnixException.translateToIOException(UnixException.java:86)
	at sun.nio.fs.UnixException.rethrowAsIOException(UnixException.java:102)
	at sun.nio.fs.UnixException.rethrowAsIOException(UnixException.java:107)
	at sun.nio.fs.UnixFileSystemProvider.implDelete(UnixFileSystemProvider.java:244)
	at sun.nio.fs.AbstractFileSystemProvider.delete(AbstractFileSystemProvider.java:103)
	at java.nio.file.Files.delete(Files.java:1126)
	at org.elasticsearch.index.translog.Translog.recoverFromFiles(Translog.java:324)
	at org.elasticsearch.index.translog.Translog.<init>(Translog.java:166)
	at org.elasticsearch.index.engine.InternalEngine.openTranslog(InternalEngine.java:209)
	at org.elasticsearch.index.engine.InternalEngine.<init>(InternalEngine.java:152)
	at org.elasticsearch.index.engine.InternalEngineFactory.newReadWriteEngine(InternalEngineFactory.java:25)
	at org.elasticsearch.index.shard.IndexShard.newEngine(IndexShard.java:1408)
	at org.elasticsearch.index.shard.IndexShard.createNewEngine(IndexShard.java:1403)
	at org.elasticsearch.index.shard.IndexShard.internalPerformTranslogRecovery(IndexShard.java:906)
	at org.elasticsearch.index.shard.IndexShard.performTranslogRecovery(IndexShard.java:883)
	at org.elasticsearch.index.shard.StoreRecoveryService.recoverFromStore(StoreRecoveryService.java:245)
	at org.elasticsearch.index.shard.StoreRecoveryService.access$100(StoreRecoveryService.java:56)
	at org.elasticsearch.index.shard.StoreRecoveryService$1.run(StoreRecoveryService.java:129)
	at java.util.concurrent.ThreadPoolExecutor.runWorker(ThreadPoolExecutor.java:1142)
	at java.util.concurrent.ThreadPoolExecutor$Worker.run(ThreadPoolExecutor.java:617)
	at java.lang.Thread.run(Thread.java:745)
[2015-12-02 13:36:20,561][WARN ][index.translog           ] [Vashti] [tickets_development_20151202123659878][1] failed to delete temp file /Users/acareaga/turing/mod3/ticketly/elasticsearch-2.1.0/data/elasticsearch/nodes/0/indices/tickets_development_20151202123659878/1/translog/translog-693701550692668056.tlog
java.nio.file.NoSuchFileException: /Users/acareaga/turing/mod3/ticketly/elasticsearch-2.1.0/data/elasticsearch/nodes/0/indices/tickets_development_20151202123659878/1/translog/translog-693701550692668056.tlog
	at sun.nio.fs.UnixException.translateToIOException(UnixException.java:86)
	at sun.nio.fs.UnixException.rethrowAsIOException(UnixException.java:102)
	at sun.nio.fs.UnixException.rethrowAsIOException(UnixException.java:107)
	at sun.nio.fs.UnixFileSystemProvider.implDelete(UnixFileSystemProvider.java:244)
	at sun.nio.fs.AbstractFileSystemProvider.delete(AbstractFileSystemProvider.java:103)
	at java.nio.file.Files.delete(Files.java:1126)
	at org.elasticsearch.index.translog.Translog.recoverFromFiles(Translog.java:324)
	at org.elasticsearch.index.translog.Translog.<init>(Translog.java:166)
	at org.elasticsearch.index.engine.InternalEngine.openTranslog(InternalEngine.java:209)
	at org.elasticsearch.index.engine.InternalEngine.<init>(InternalEngine.java:152)
	at org.elasticsearch.index.engine.InternalEngineFactory.newReadWriteEngine(InternalEngineFactory.java:25)
	at org.elasticsearch.index.shard.IndexShard.newEngine(IndexShard.java:1408)
	at org.elasticsearch.index.shard.IndexShard.createNewEngine(IndexShard.java:1403)
	at org.elasticsearch.index.shard.IndexShard.internalPerformTranslogRecovery(IndexShard.java:906)
	at org.elasticsearch.index.shard.IndexShard.performTranslogRecovery(IndexShard.java:883)
	at org.elasticsearch.index.shard.StoreRecoveryService.recoverFromStore(StoreRecoveryService.java:245)
	at org.elasticsearch.index.shard.StoreRecoveryService.access$100(StoreRecoveryService.java:56)
	at org.elasticsearch.index.shard.StoreRecoveryService$1.run(StoreRecoveryService.java:129)
	at java.util.concurrent.ThreadPoolExecutor.runWorker(ThreadPoolExecutor.java:1142)
	at java.util.concurrent.ThreadPoolExecutor$Worker.run(ThreadPoolExecutor.java:617)
	at java.lang.Thread.run(Thread.java:745)
